Start testing: Jun 10 13:11 UTC
----------------------------------------------------------
1/1 Testing: roundtrip_tests
1/1 Test: roundtrip_tests
Command: "/home/vinay/code/projects/forkrypt/build/roundtrip_tests"
Directory: /home/vinay/code/projects/forkrypt/build
"roundtrip_tests" start time: Jun 10 13:11 UTC
Output:
----------------------------------------------------------
<end of output>
Test time =   0.08 sec
----------------------------------------------------------
Test Passed.
"roundtrip_tests" end time: Jun 10 13:11 UTC
"roundtrip_tests" time elapsed: 00:00:00
----------------------------------------------------------

End testing: Jun 10 13:11 UTC
